{"level":"ERROR","timestamp":"2018-07-07 11:52:06.525","file":"model/init.go:31","msg":"Database connection failed. Database name: db_apiserver","data":{"error":"sql: unknown driver \"mysql\" (forgotten import?)"}}
{"level":"ERROR","timestamp":"2018-07-07 11:58:03.257","file":"model/init.go:31","msg":"Database connection failed. Database name: db_apiserver","data":{"error":"sql: unknown driver \"mysql\" (forgotten import?)"}}
{"level":"ERROR","timestamp":"2018-07-07 11:59:56.442","file":"model/init.go:32","msg":"Database connection failed. Database name: db_apiserver","data":{"error":"this authentication plugin is not supported"}}
{"level":"ERROR","timestamp":"2018-07-07 11:59:56.445","file":"model/init.go:32","msg":"Database connection failed. Database name: db_apiserver","data":{"error":"this authentication plugin is not supported"}}
{"level":"INFO","timestamp":"2018-07-07 11:59:56.445","file":"apiserver/mian.go:81","msg":"Start to listening the incoming requests on http address: :8888"}
{"level":"INFO","timestamp":"2018-07-07 11:59:56.447","file":"apiserver/mian.go:77","msg":"The router has been deployed successfully."}
{"level":"INFO","timestamp":"2018-07-07 12:11:33.603","file":"model/init.go:29","msg":"root:123456mmm@tcp(127.0.0.1:3306)/db_apiserver?charset=utf8\u0026parseTime=true\u0026loc=Local"}
{"level":"ERROR","timestamp":"2018-07-07 12:11:33.605","file":"model/init.go:34","msg":"Database connection failed. Database name: db_apiserver","data":{"error":"this authentication plugin is not supported"}}
{"level":"INFO","timestamp":"2018-07-07 12:11:33.605","file":"model/init.go:29","msg":"root:123456mmm@tcp(127.0.0.1:3306)/db_apiserver?charset=utf8\u0026parseTime=true\u0026loc=Local"}
{"level":"ERROR","timestamp":"2018-07-07 12:11:33.606","file":"model/init.go:34","msg":"Database connection failed. Database name: db_apiserver","data":{"error":"this authentication plugin is not supported"}}
{"level":"INFO","timestamp":"2018-07-07 12:11:33.606","file":"apiserver/mian.go:81","msg":"Start to listening the incoming requests on http address: :8888"}
{"level":"INFO","timestamp":"2018-07-07 12:11:33.606","file":"apiserver/mian.go:82","msg":"listen tcp :8888: bind: address already in use"}
{"level":"INFO","timestamp":"2018-07-07 12:14:22.515","file":"config/config.go:83","msg":"Config file changed: /Users/marvin/GoGoGolang/apiserver/conf/config.yaml"}
{"level":"INFO","timestamp":"2018-07-07 12:14:32.301","file":"model/init.go:29","msg":"root:123456mmm@tcp(127.0.0.1:3306)/mysql?charset=utf8\u0026parseTime=true\u0026loc=Local"}
{"level":"ERROR","timestamp":"2018-07-07 12:14:32.302","file":"model/init.go:34","msg":"Database connection failed. Database name: mysql","data":{"error":"this authentication plugin is not supported"}}
{"level":"INFO","timestamp":"2018-07-07 12:14:32.303","file":"model/init.go:29","msg":"root:123456mmm@tcp(127.0.0.1:3306)/mysql?charset=utf8\u0026parseTime=true\u0026loc=Local"}
{"level":"ERROR","timestamp":"2018-07-07 12:14:32.304","file":"model/init.go:34","msg":"Database connection failed. Database name: mysql","data":{"error":"this authentication plugin is not supported"}}
{"level":"INFO","timestamp":"2018-07-07 12:14:32.305","file":"apiserver/mian.go:81","msg":"Start to listening the incoming requests on http address: :8888"}
{"level":"INFO","timestamp":"2018-07-07 12:14:32.305","file":"apiserver/mian.go:82","msg":"listen tcp :8888: bind: address already in use"}
{"level":"INFO","timestamp":"2018-07-07 12:15:16.167","file":"config/config.go:83","msg":"Config file changed: /Users/marvin/GoGoGolang/apiserver/conf/config.yaml"}
{"level":"INFO","timestamp":"2018-07-07 12:19:20.575","file":"model/init.go:26","msg":"root:123456mmm@/db_apiserver?charset=utf8\u0026parseTime=True\u0026loc=Local"}
{"level":"ERROR","timestamp":"2018-07-07 12:19:20.577","file":"model/init.go:31","msg":"Database connection failed. Database name: db_apiserver","data":{"error":"this authentication plugin is not supported"}}
{"level":"INFO","timestamp":"2018-07-07 12:19:20.577","file":"model/init.go:26","msg":"root:123456mmm@/db_apiserver?charset=utf8\u0026parseTime=True\u0026loc=Local"}
{"level":"ERROR","timestamp":"2018-07-07 12:19:20.577","file":"model/init.go:31","msg":"Database connection failed. Database name: db_apiserver","data":{"error":"this authentication plugin is not supported"}}
{"level":"INFO","timestamp":"2018-07-07 12:19:20.578","file":"apiserver/mian.go:81","msg":"Start to listening the incoming requests on http address: :8888"}
{"level":"INFO","timestamp":"2018-07-07 12:19:20.579","file":"apiserver/mian.go:77","msg":"The router has been deployed successfully."}
{"level":"INFO","timestamp":"2018-07-07 12:29:48.043","file":"model/init.go:28","msg":"root:123456mmm@tcp(127.0.0.1:3306)/db_apiserver?charset=utf8\u0026parseTime=true\u0026loc=Local"}
{"level":"ERROR","timestamp":"2018-07-07 12:29:48.045","file":"model/init.go:33","msg":"Database connection failed. Database name: db_apiserver","data":{"error":"this authentication plugin is not supported"}}
{"level":"INFO","timestamp":"2018-07-07 12:29:48.045","file":"model/init.go:28","msg":"root:123456mmm@tcp(127.0.0.1:3306)/db_apiserver?charset=utf8\u0026parseTime=true\u0026loc=Local"}
{"level":"ERROR","timestamp":"2018-07-07 12:29:48.046","file":"model/init.go:33","msg":"Database connection failed. Database name: db_apiserver","data":{"error":"this authentication plugin is not supported"}}
{"level":"INFO","timestamp":"2018-07-07 12:29:48.046","file":"apiserver/mian.go:81","msg":"Start to listening the incoming requests on http address: :8888"}
{"level":"INFO","timestamp":"2018-07-07 12:29:48.047","file":"apiserver/mian.go:77","msg":"The router has been deployed successfully."}
{"level":"INFO","timestamp":"2018-07-07 12:32:48.362","file":"model/init.go:26","msg":"root:123456mmm@/db_apiserver?charset=utf8\u0026parseTime=True\u0026loc=Local"}
{"level":"ERROR","timestamp":"2018-07-07 12:32:48.363","file":"model/init.go:31","msg":"Database connection failed. Database name: db_apiserver","data":{"error":"this authentication plugin is not supported"}}
{"level":"INFO","timestamp":"2018-07-07 12:32:48.364","file":"model/init.go:26","msg":"root:123456mmm@/db_apiserver?charset=utf8\u0026parseTime=True\u0026loc=Local"}
{"level":"ERROR","timestamp":"2018-07-07 12:32:48.364","file":"model/init.go:31","msg":"Database connection failed. Database name: db_apiserver","data":{"error":"this authentication plugin is not supported"}}
{"level":"INFO","timestamp":"2018-07-07 12:32:48.364","file":"apiserver/mian.go:81","msg":"Start to listening the incoming requests on http address: :8888"}
{"level":"INFO","timestamp":"2018-07-07 12:32:48.365","file":"apiserver/mian.go:82","msg":"listen tcp :8888: bind: address already in use"}
{"level":"INFO","timestamp":"2018-07-07 12:43:27.722","file":"model/init.go:26","msg":"root:123456mmm@/db_apiserver?charset=utf8\u0026parseTime=True\u0026loc=Local"}
{"level":"INFO","timestamp":"2018-07-07 12:43:27.725","file":"model/init.go:26","msg":"root:123456mmm@/db_apiserver?charset=utf8\u0026parseTime=True\u0026loc=Local"}
{"level":"INFO","timestamp":"2018-07-07 12:43:27.726","file":"apiserver/mian.go:81","msg":"Start to listening the incoming requests on http address: :8888"}
{"level":"INFO","timestamp":"2018-07-07 12:43:27.726","file":"apiserver/mian.go:82","msg":"listen tcp :8888: bind: address already in use"}
{"level":"INFO","timestamp":"2018-07-07 15:11:30.707","file":"model/init.go:26","msg":"root:123456mmm@/db_apiserver?charset=utf8\u0026parseTime=True\u0026loc=Local"}
{"level":"INFO","timestamp":"2018-07-07 15:11:30.720","file":"model/init.go:26","msg":"root:123456mmm@/db_apiserver?charset=utf8\u0026parseTime=True\u0026loc=Local"}
{"level":"INFO","timestamp":"2018-07-07 15:11:30.725","file":"apiserver/mian.go:81","msg":"Start to listening the incoming requests on http address: :8888"}
{"level":"INFO","timestamp":"2018-07-07 15:11:30.729","file":"apiserver/mian.go:77","msg":"The router has been deployed successfully."}
{"level":"DEBUG","timestamp":"2018-07-07 15:17:16.960","file":"user/create.go:25","msg":"username is: [], password is []"}
{"level":"ERROR","timestamp":"2018-07-07 15:17:16.960","file":"user/create.go:29","msg":"Get an error","data":{"error":"username can not found in db: xx.xx.xx.xx"}}
{"level":"DEBUG","timestamp":"2018-07-07 15:30:59.952","file":"user/create.go:25","msg":"username is: [], password is []"}
{"level":"ERROR","timestamp":"2018-07-07 15:30:59.953","file":"user/create.go:29","msg":"Get an error","data":{"error":"username can not found in db: xx.xx.xx.xx"}}
{"level":"DEBUG","timestamp":"2018-07-07 15:31:04.853","file":"user/create.go:25","msg":"username is: [], password is []"}
{"level":"ERROR","timestamp":"2018-07-07 15:31:04.853","file":"user/create.go:29","msg":"Get an error","data":{"error":"username can not found in db: xx.xx.xx.xx"}}
{"level":"DEBUG","timestamp":"2018-07-07 15:31:32.153","file":"user/create.go:25","msg":"username is: [], password is []"}
{"level":"ERROR","timestamp":"2018-07-07 15:31:32.153","file":"user/create.go:29","msg":"Get an error","data":{"error":"username can not found in db: xx.xx.xx.xx"}}
{"level":"INFO","timestamp":"2018-07-07 15:44:57.488","file":"model/init.go:26","msg":"root:123456mmm@/db_apiserver?charset=utf8\u0026parseTime=True\u0026loc=Local"}
{"level":"INFO","timestamp":"2018-07-07 15:44:57.491","file":"model/init.go:26","msg":"root:123456mmm@/db_apiserver?charset=utf8\u0026parseTime=True\u0026loc=Local"}
{"level":"INFO","timestamp":"2018-07-07 15:44:57.492","file":"apiserver/mian.go:81","msg":"Start to listening the incoming requests on http address: :8888"}
{"level":"INFO","timestamp":"2018-07-07 15:44:57.494","file":"apiserver/mian.go:77","msg":"The router has been deployed successfully."}
{"level":"DEBUG","timestamp":"2018-07-07 15:45:12.518","file":"user/create.go:25","msg":"username is: [], password is []"}
{"level":"ERROR","timestamp":"2018-07-07 15:45:12.518","file":"user/create.go:29","msg":"Get an error","data":{"error":"Err - code: 20102, message: The user was not found. This is add message., error: username can not found in db: xx.xx.xx.xx"}}
{"level":"DEBUG","timestamp":"2018-07-07 15:45:12.518","file":"user/create.go:32","msg":"err type is ErrUserNotFound"}
{"level":"DEBUG","timestamp":"2018-07-07 15:45:13.782","file":"user/create.go:25","msg":"username is: [], password is []"}
{"level":"ERROR","timestamp":"2018-07-07 15:45:13.782","file":"user/create.go:29","msg":"Get an error","data":{"error":"Err - code: 20102, message: The user was not found. This is add message., error: username can not found in db: xx.xx.xx.xx"}}
{"level":"DEBUG","timestamp":"2018-07-07 15:45:13.782","file":"user/create.go:32","msg":"err type is ErrUserNotFound"}
{"level":"DEBUG","timestamp":"2018-07-07 15:45:15.851","file":"user/create.go:25","msg":"username is: [], password is []"}
{"level":"ERROR","timestamp":"2018-07-07 15:45:15.851","file":"user/create.go:29","msg":"Get an error","data":{"error":"Err - code: 20102, message: The user was not found. This is add message., error: username can not found in db: xx.xx.xx.xx"}}
{"level":"DEBUG","timestamp":"2018-07-07 15:45:15.851","file":"user/create.go:32","msg":"err type is ErrUserNotFound"}
{"level":"DEBUG","timestamp":"2018-07-07 15:45:16.829","file":"user/create.go:25","msg":"username is: [], password is []"}
{"level":"ERROR","timestamp":"2018-07-07 15:45:16.830","file":"user/create.go:29","msg":"Get an error","data":{"error":"Err - code: 20102, message: The user was not found. This is add message., error: username can not found in db: xx.xx.xx.xx"}}
{"level":"DEBUG","timestamp":"2018-07-07 15:45:16.830","file":"user/create.go:32","msg":"err type is ErrUserNotFound"}
{"level":"DEBUG","timestamp":"2018-07-07 15:45:18.418","file":"user/create.go:25","msg":"username is: [], password is []"}
{"level":"ERROR","timestamp":"2018-07-07 15:45:18.418","file":"user/create.go:29","msg":"Get an error","data":{"error":"Err - code: 20102, message: The user was not found. This is add message., error: username can not found in db: xx.xx.xx.xx"}}
{"level":"DEBUG","timestamp":"2018-07-07 15:45:18.418","file":"user/create.go:32","msg":"err type is ErrUserNotFound"}
{"level":"DEBUG","timestamp":"2018-07-07 15:48:16.912","file":"user/create.go:25","msg":"username is: [], password is []"}
{"level":"ERROR","timestamp":"2018-07-07 15:48:16.912","file":"user/create.go:29","msg":"Get an error","data":{"error":"Err - code: 20102, message: The user was not found. This is add message., error: username can not found in db: xx.xx.xx.xx"}}
{"level":"DEBUG","timestamp":"2018-07-07 15:48:16.912","file":"user/create.go:32","msg":"err type is ErrUserNotFound"}
{"level":"INFO","timestamp":"2018-07-07 15:52:56.675","file":"apiserver/mian.go:81","msg":"Start to listening the incoming requests on http address: :8888"}
{"level":"INFO","timestamp":"2018-07-07 15:52:56.675","file":"apiserver/mian.go:29","msg":"Waiting for the router, retry in 1 second."}
{"level":"INFO","timestamp":"2018-07-07 15:52:57.681","file":"apiserver/mian.go:77","msg":"The router has been deployed successfully."}
{"level":"DEBUG","timestamp":"2018-07-07 15:52:59.583","file":"user/create.go:25","msg":"username is: [], password is []"}
{"level":"ERROR","timestamp":"2018-07-07 15:52:59.584","file":"user/create.go:29","msg":"Get an error","data":{"error":"Err - code: 20102, message: The user was not found. This is add message., error: username can not found in db: xx.xx.xx.xx"}}
{"level":"DEBUG","timestamp":"2018-07-07 15:52:59.584","file":"user/create.go:34","msg":"err type is ErrUserNotFound"}
{"level":"INFO","timestamp":"2018-07-07 15:53:50.269","file":"apiserver/mian.go:81","msg":"Start to listening the incoming requests on http address: :8888"}
{"level":"INFO","timestamp":"2018-07-07 15:53:50.273","file":"apiserver/mian.go:77","msg":"The router has been deployed successfully."}
{"level":"DEBUG","timestamp":"2018-07-07 15:54:26.658","file":"user/create.go:25","msg":"username is: [], password is []"}
{"level":"ERROR","timestamp":"2018-07-07 15:54:26.658","file":"user/create.go:29","msg":"Get an error","data":{"error":"Err - code: 20102, message: The user was not found. This is add message., error: username can not found in db: xx.xx.xx.xx"}}
{"level":"DEBUG","timestamp":"2018-07-07 15:54:26.659","file":"user/create.go:34","msg":"err type is ErrUserNotFound"}
{"level":"INFO","timestamp":"2018-07-07 15:59:52.177","file":"apiserver/main.go:81","msg":"Start to listening the incoming requests on http address: :8888"}
{"level":"INFO","timestamp":"2018-07-07 15:59:52.177","file":"apiserver/main.go:29","msg":"Waiting for the router, retry in 1 second."}
{"level":"INFO","timestamp":"2018-07-07 15:59:53.181","file":"apiserver/main.go:77","msg":"The router has been deployed successfully."}
{"level":"DEBUG","timestamp":"2018-07-07 16:00:31.427","file":"user/create.go:25","msg":"username is: [], password is []"}
{"level":"ERROR","timestamp":"2018-07-07 16:00:31.427","file":"user/create.go:29","msg":"Get an error","data":{"error":"Err - code: 20102, message: The user was not found. This is add message., error: username can not found in db: xx.xx.xx.xx"}}
{"level":"DEBUG","timestamp":"2018-07-07 16:00:31.427","file":"user/create.go:32","msg":"err type is ErrUserNotFound"}
{"level":"DEBUG","timestamp":"2018-07-07 16:02:17.466","file":"user/create.go:25","msg":"username is: [admin], password is []"}
{"level":"DEBUG","timestamp":"2018-07-07 16:08:17.105","file":"user/create.go:25","msg":"username is: [admin], password is [admin]"}
{"level":"DEBUG","timestamp":"2018-07-07 16:08:40.842","file":"user/create.go:25","msg":"username is: [], password is []"}
{"level":"ERROR","timestamp":"2018-07-07 16:08:40.842","file":"user/create.go:29","msg":"Get an error","data":{"error":"Err - code: 20102, message: The user was not found. This is add message., error: username can not found in db: xx.xx.xx.xx"}}
{"level":"DEBUG","timestamp":"2018-07-07 16:08:40.842","file":"user/create.go:32","msg":"err type is ErrUserNotFound"}
{"level":"DEBUG","timestamp":"2018-07-07 16:09:18.435","file":"user/create.go:25","msg":"username is: [], password is []"}
{"level":"ERROR","timestamp":"2018-07-07 16:09:18.435","file":"user/create.go:29","msg":"Get an error","data":{"error":"Err - code: 20102, message: The user was not found. This is add message., error: username can not found in db: xx.xx.xx.xx"}}
{"level":"DEBUG","timestamp":"2018-07-07 16:09:18.435","file":"user/create.go:32","msg":"err type is ErrUserNotFound"}
{"level":"DEBUG","timestamp":"2018-07-07 16:09:55.780","file":"user/create.go:25","msg":"username is: [admin], password is [admin]"}
{"level":"DEBUG","timestamp":"2018-07-07 16:10:06.335","file":"user/create.go:25","msg":"username is: [], password is []"}
{"level":"ERROR","timestamp":"2018-07-07 16:10:06.335","file":"user/create.go:29","msg":"Get an error","data":{"error":"Err - code: 20102, message: The user was not found. This is add message., error: username can not found in db: xx.xx.xx.xx"}}
{"level":"DEBUG","timestamp":"2018-07-07 16:10:06.335","file":"user/create.go:32","msg":"err type is ErrUserNotFound"}
{"level":"DEBUG","timestamp":"2018-07-07 16:10:13.201","file":"user/create.go:25","msg":"username is: [admin], password is [admin]"}
{"level":"INFO","timestamp":"2018-07-08 00:24:37.897","file":"apiserver/main.go:81","msg":"Start to listening the incoming requests on http address: :8888"}
{"level":"INFO","timestamp":"2018-07-08 00:24:37.898","file":"apiserver/main.go:77","msg":"The router has been deployed successfully."}
{"level":"INFO","timestamp":"2018-07-08 00:25:24.413","file":"user/create.go:22","msg":"URL username: admin2"}
{"level":"INFO","timestamp":"2018-07-08 00:25:24.413","file":"user/create.go:25","msg":"URL key param desc: test"}
{"level":"INFO","timestamp":"2018-07-08 00:25:24.413","file":"user/create.go:28","msg":"Header Content-Type: application/json"}
{"level":"DEBUG","timestamp":"2018-07-08 00:25:24.413","file":"user/create.go:31","msg":"username is: [admin], password is [admin]"}
{"level":"INFO","timestamp":"2018-07-08 00:28:46.833","file":"user/create.go:22","msg":"URL username: admin"}
{"level":"INFO","timestamp":"2018-07-08 00:28:46.833","file":"user/create.go:25","msg":"URL key param desc: test"}
{"level":"INFO","timestamp":"2018-07-08 00:28:46.833","file":"user/create.go:28","msg":"Header Content-Type: application/json"}
{"level":"DEBUG","timestamp":"2018-07-08 00:28:46.833","file":"user/create.go:31","msg":"username is: [admin], password is [admin]"}
{"level":"INFO","timestamp":"2018-07-08 18:08:32.787","file":"apiserver/main.go:81","msg":"Start to listening the incoming requests on http address: :8888"}
{"level":"INFO","timestamp":"2018-07-08 18:08:32.788","file":"apiserver/main.go:77","msg":"The router has been deployed successfully."}
{"level":"INFO","timestamp":"2018-07-08 18:09:56.148","file":"user/create.go:15","msg":"User Create function called.","data":{"X-Request-Id":""}}
{"level":"INFO","timestamp":"2018-07-08 20:55:55.443","file":"apiserver/main.go:81","msg":"Start to listening the incoming requests on http address: :8888"}
{"level":"INFO","timestamp":"2018-07-08 20:55:55.444","file":"apiserver/main.go:29","msg":"Waiting for the router, retry in 1 second."}
{"level":"INFO","timestamp":"2018-07-08 20:55:56.448","file":"apiserver/main.go:77","msg":"The router has been deployed successfully."}
{"level":"INFO","timestamp":"2018-07-08 20:56:45.871","file":"user/create.go:15","msg":"User Create function called.","data":{"X-Request-Id":""}}
{"level":"INFO","timestamp":"2018-07-08 21:10:38.624","file":"apiserver/main.go:81","msg":"Start to listening the incoming requests on http address: :8888"}
{"level":"INFO","timestamp":"2018-07-08 21:10:38.625","file":"apiserver/main.go:29","msg":"Waiting for the router, retry in 1 second."}
{"level":"INFO","timestamp":"2018-07-08 21:10:39.631","file":"apiserver/main.go:77","msg":"The router has been deployed successfully."}
{"level":"INFO","timestamp":"2018-07-08 21:10:43.990","file":"user/create.go:15","msg":"User Create function called.","data":{"X-Request-ID":""}}
{"level":"INFO","timestamp":"2018-07-08 21:17:13.967","file":"apiserver/main.go:81","msg":"Start to listening the incoming requests on http address: :8888"}
{"level":"INFO","timestamp":"2018-07-08 21:17:13.969","file":"apiserver/main.go:77","msg":"The router has been deployed successfully."}
{"level":"INFO","timestamp":"2018-07-08 21:23:45.502","file":"apiserver/main.go:81","msg":"Start to listening the incoming requests on http address: :8888"}
{"level":"INFO","timestamp":"2018-07-08 21:23:45.508","file":"apiserver/main.go:77","msg":"The router has been deployed successfully."}
{"level":"INFO","timestamp":"2018-07-08 21:23:49.022","file":"user/create.go:15","msg":"User Create function called.","data":{"X-Request-ID":""}}
{"level":"INFO","timestamp":"2018-07-08 22:02:12.532","file":"apiserver/main.go:81","msg":"Start to listening the incoming requests on http address: :8888"}
{"level":"INFO","timestamp":"2018-07-08 22:02:12.536","file":"apiserver/main.go:77","msg":"The router has been deployed successfully."}
{"level":"INFO","timestamp":"2018-07-08 22:27:44.849","file":"apiserver/main.go:79","msg":"Start to listening the incoming requests on http address: :8888"}
{"level":"INFO","timestamp":"2018-07-08 22:27:44.850","file":"apiserver/main.go:75","msg":"The router has been deployed successfully."}
{"level":"INFO","timestamp":"2018-07-08 22:27:49.256","file":"user/create.go:15","msg":"User Create function called.","data":{"X-Request-Id":"b207caf5-29a6-4f77-81f5-d49fc2fc404d"}}
{"level":"INFO","timestamp":"2018-07-08 22:37:26.483","file":"apiserver/main.go:79","msg":"Start to listening the incoming requests on http address: :8888"}
{"level":"INFO","timestamp":"2018-07-08 22:37:26.485","file":"apiserver/main.go:75","msg":"The router has been deployed successfully."}
{"level":"INFO","timestamp":"2018-07-08 22:37:42.163","file":"user/create.go:15","msg":"User Create function called.","data":{"X-Request-Id":"096448b4-2540-4eec-b3b3-8f42ce4d25c9"}}
{"level":"INFO","timestamp":"2018-07-08 22:41:50.857","file":"user/update.go:16","msg":"Update function called.","data":{"X-Request-Id":"0d70199f-8d9b-4d4e-9c15-f5d311ec3914"}}
{"level":"INFO","timestamp":"2018-07-08 22:43:50.153","file":"user/create.go:15","msg":"User Create function called.","data":{"X-Request-Id":"496c134b-4e11-4f6c-b91c-28af1af0e369"}}
{"level":"INFO","timestamp":"2018-07-08 22:48:04.723","file":"apiserver/main.go:79","msg":"Start to listening the incoming requests on http address: :8888"}
{"level":"INFO","timestamp":"2018-07-08 22:48:04.724","file":"apiserver/main.go:30","msg":"Waiting for the router, retry in 1 second."}
{"level":"INFO","timestamp":"2018-07-08 22:48:05.729","file":"apiserver/main.go:75","msg":"The router has been deployed successfully."}
{"level":"INFO","timestamp":"2018-07-08 22:48:24.155","file":"user/update.go:16","msg":"Update function called.","data":{"X-Request-Id":"9d703fa8-c4e1-4369-a697-27767e68db94"}}
{"level":"INFO","timestamp":"2018-07-08 22:48:56.157","file":"user/update.go:16","msg":"Update function called.","data":{"X-Request-Id":"19d7f074-1449-4e4c-bb61-4aa22a9e488e"}}
{"level":"INFO","timestamp":"2018-07-08 22:50:19.876","file":"user/update.go:16","msg":"Update function called.","data":{"X-Request-Id":"b0d81cb5-827c-43a4-bab8-379d3803de9b"}}
{"level":"INFO","timestamp":"2018-07-08 22:50:49.293","file":"user/update.go:16","msg":"Update function called.","data":{"X-Request-Id":"47ff456f-4ccc-448a-aefb-d4215a4f01c0"}}
{"level":"INFO","timestamp":"2018-07-08 22:54:39.142","file":"apiserver/main.go:79","msg":"Start to listening the incoming requests on http address: :8888"}
{"level":"INFO","timestamp":"2018-07-08 22:54:39.144","file":"apiserver/main.go:75","msg":"The router has been deployed successfully."}
{"level":"INFO","timestamp":"2018-07-08 22:54:46.111","file":"user/update.go:18","msg":"Update function called.","data":{"X-Request-Id":"b291f524-3786-4fb2-ad75-dabe0f8db80b"}}
{"level":"INFO","timestamp":"2018-07-08 22:54:46.111","file":"user/update.go:19","msg":"\u0002"}
{"level":"INFO","timestamp":"2018-07-08 22:55:03.823","file":"user/update.go:18","msg":"Update function called.","data":{"X-Request-Id":"07dda512-75a8-4ea7-994b-687ce53a3852"}}
{"level":"INFO","timestamp":"2018-07-08 22:55:03.823","file":"user/update.go:19","msg":"\u0003"}
{"level":"INFO","timestamp":"2018-07-08 22:57:02.084","file":"apiserver/main.go:79","msg":"Start to listening the incoming requests on http address: :8888"}
{"level":"INFO","timestamp":"2018-07-08 22:57:02.088","file":"apiserver/main.go:75","msg":"The router has been deployed successfully."}
{"level":"INFO","timestamp":"2018-07-08 22:57:06.451","file":"user/update.go:18","msg":"Update function called.","data":{"X-Request-Id":"df9b57dd-2692-4826-9dd2-36c6b91dc5d8"}}
{"level":"INFO","timestamp":"2018-07-08 22:57:06.451","file":"user/update.go:19","msg":"\u0003"}
{"level":"INFO","timestamp":"2018-07-08 22:57:20.443","file":"apiserver/main.go:79","msg":"Start to listening the incoming requests on http address: :8888"}
{"level":"INFO","timestamp":"2018-07-08 22:57:20.446","file":"apiserver/main.go:75","msg":"The router has been deployed successfully."}
{"level":"INFO","timestamp":"2018-07-08 23:02:32.346","file":"apiserver/main.go:79","msg":"Start to listening the incoming requests on http address: :8888"}
{"level":"INFO","timestamp":"2018-07-08 23:02:32.350","file":"apiserver/main.go:75","msg":"The router has been deployed successfully."}
{"level":"INFO","timestamp":"2018-07-08 23:02:49.017","file":"user/update.go:18","msg":"Update function called.","data":{"X-Request-Id":"8d175a8a-861b-45a2-aa30-c68b3ce823fb"}}
{"level":"INFO","timestamp":"2018-07-08 23:02:49.018","file":"user/update.go:19","msg":"\u0003"}
{"level":"INFO","timestamp":"2018-07-08 23:08:20.549","file":"apiserver/main.go:79","msg":"Start to listening the incoming requests on http address: :8888"}
{"level":"INFO","timestamp":"2018-07-08 23:08:20.552","file":"apiserver/main.go:75","msg":"The router has been deployed successfully."}
{"level":"INFO","timestamp":"2018-07-08 23:08:31.175","file":"user/update.go:17","msg":"Update function called.","data":{"X-Request-Id":"98d313b1-b3b1-47b0-a66c-64236b05ff8d"}}
{"level":"ERROR","timestamp":"2018-07-08 23:08:31.254","file":"user/update.go:46","msg":"Get an error","data":{"error":"Error 1292: Incorrect datetime value: '0000-00-00' for column 'createdAt' at row 1"}}
{"level":"INFO","timestamp":"2018-07-08 23:18:14.397","file":"user/update.go:17","msg":"Update function called.","data":{"X-Request-Id":"a19f1477-1776-4c13-8cd7-76c98be0dcd1"}}
{"level":"INFO","timestamp":"2018-07-08 23:18:22.855","file":"user/update.go:17","msg":"Update function called.","data":{"X-Request-Id":"c9ec0978-9d55-4511-bd88-e57e4f379020"}}
{"level":"ERROR","timestamp":"2018-07-08 23:18:22.940","file":"user/update.go:46","msg":"Get an error","data":{"error":"Error 1292: Incorrect datetime value: '0000-00-00' for column 'createdAt' at row 1"}}
{"level":"INFO","timestamp":"2018-07-08 23:27:48.552","file":"user/update.go:17","msg":"Update function called.","data":{"X-Request-Id":"e56c0fbf-2da5-4a1e-9333-879ab32b7fe6"}}
{"level":"INFO","timestamp":"2018-07-09 00:13:52.373","file":"apiserver/main.go:79","msg":"Start to listening the incoming requests on http address: :8888"}
{"level":"INFO","timestamp":"2018-07-09 00:13:52.375","file":"apiserver/main.go:30","msg":"Waiting for the router, retry in 1 second."}
{"level":"INFO","timestamp":"2018-07-09 00:13:53.383","file":"apiserver/main.go:75","msg":"The router has been deployed successfully."}
{"level":"INFO","timestamp":"2018-07-09 00:14:04.944","file":"user/update.go:17","msg":"Update function called.","data":{"X-Request-Id":"1023dd4a-c50a-4d55-9dcb-378ab14bf2b9"}}
{"level":"INFO","timestamp":"2018-07-09 00:16:52.898","file":"user/update.go:17","msg":"Update function called.","data":{"X-Request-Id":"224ef5e5-9fa0-4043-a6ed-c50d6c31cfd5"}}
{"level":"INFO","timestamp":"2018-07-09 00:17:54.293","file":"user/update.go:17","msg":"Update function called.","data":{"X-Request-Id":"09d943a1-4fdf-438a-8a66-c37310f58c6e"}}
{"level":"INFO","timestamp":"2018-07-09 21:07:33.458","file":"apiserver/main.go:79","msg":"Start to listening the incoming requests on http address: :8888"}
{"level":"INFO","timestamp":"2018-07-09 21:07:33.460","file":"apiserver/main.go:75","msg":"The router has been deployed successfully."}
{"level":"INFO","timestamp":"2018-07-09 22:38:15.894","file":"apiserver/main.go:80","msg":"Start to listening the incoming requests on http address: :8888"}
{"level":"INFO","timestamp":"2018-07-09 22:38:15.897","file":"apiserver/main.go:76","msg":"The router has been deployed successfully."}
{"level":"INFO","timestamp":"2018-07-09 22:45:31.292","file":"apiserver/main.go:80","msg":"Start to listening the incoming requests on http address: :8888"}
{"level":"INFO","timestamp":"2018-07-09 22:45:31.295","file":"apiserver/main.go:76","msg":"The router has been deployed successfully."}
{"level":"INFO","timestamp":"2018-07-09 22:45:44.741","file":"middleware/logging.go:82","msg":"6.969048ms    | 127.0.0.1    | GET /v1/user | {code: 0, message: OK}"}
{"level":"INFO","timestamp":"2018-07-09 22:45:59.557","file":"middleware/logging.go:82","msg":"5.287355ms    | 127.0.0.1    | GET /v1/user | {code: 0, message: OK}"}
{"level":"INFO","timestamp":"2018-07-09 22:46:59.187","file":"middleware/logging.go:82","msg":"4.307643ms    | 127.0.0.1    | GET /v1/user/kong | {code: 20102, message: The user was not found.}"}
{"level":"INFO","timestamp":"2018-07-28 22:43:49.089","file":"apiserver/main.go:80","msg":"Start to listening the incoming requests on http address: :8888"}
{"level":"INFO","timestamp":"2018-07-28 22:43:49.090","file":"apiserver/main.go:30","msg":"Waiting for the router, retry in 1 second."}
{"level":"INFO","timestamp":"2018-07-28 22:43:50.097","file":"apiserver/main.go:76","msg":"The router has been deployed successfully."}
{"level":"INFO","timestamp":"2018-07-28 22:44:13.364","file":"middleware/logging.go:82","msg":"158.982µs     | 127.0.0.1    | GET /v1/user/kong | {code: 20103, message: The token was invalid.}"}
{"level":"ERROR","timestamp":"2018-07-28 22:46:18.593","file":"middleware/logging.go:74","msg":"response body can not unmarshal to model.Response struct, body: ``","data":{"error":"unexpected end of JSON input"}}
{"level":"INFO","timestamp":"2018-07-28 22:46:18.594","file":"middleware/logging.go:82","msg":"120.133µs     | 127.0.0.1    | POST /v1/login | {code: 10001, message: unexpected end of JSON input}"}
{"level":"INFO","timestamp":"2018-07-28 22:48:12.632","file":"middleware/logging.go:82","msg":"107.279736ms  | 127.0.0.1    | POST /login | {code: 0, message: OK}"}
{"level":"INFO","timestamp":"2018-07-28 22:48:19.247","file":"middleware/logging.go:82","msg":"85.864573ms   | 127.0.0.1    | POST /login | {code: 20104, message: The password was incorrect.}"}
{"level":"INFO","timestamp":"2018-07-28 22:48:23.350","file":"middleware/logging.go:82","msg":"90.049492ms   | 127.0.0.1    | POST /login | {code: 20104, message: The password was incorrect.}"}
{"level":"INFO","timestamp":"2018-07-28 22:48:33.582","file":"middleware/logging.go:82","msg":"82.306474ms   | 127.0.0.1    | POST /login | {code: 0, message: OK}"}
{"level":"INFO","timestamp":"2018-07-28 22:58:46.184","file":"middleware/logging.go:82","msg":"10.881635ms   | 127.0.0.1    | GET /v1/user | {code: 0, message: OK}"}
{"level":"INFO","timestamp":"2018-07-28 22:58:55.140","file":"middleware/logging.go:82","msg":"110.381µs     | 127.0.0.1    | GET /v1/user | {code: 20103, message: The token was invalid.}"}
{"level":"INFO","timestamp":"2018-07-28 22:59:00.844","file":"middleware/logging.go:82","msg":"5.268956ms    | 127.0.0.1    | GET /v1/user | {code: 0, message: OK}"}
{"level":"INFO","timestamp":"2018-07-29 00:03:12.987","file":"apiserver/main.go:75","msg":"Start to listening the incoming requests on http address: :8888"}
{"level":"INFO","timestamp":"2018-07-29 00:03:12.992","file":"apiserver/main.go:71","msg":"The router has been deployed successfully."}
{"level":"INFO","timestamp":"2018-07-29 00:03:22.950","file":"middleware/logging.go:82","msg":"9.009993ms    | 127.0.0.1    | GET /v1/user | {code: 0, message: OK}"}
